08:11:08.894 57 Y - OnPowerEvent PowerStatusChange
08:11:10.792 57 Y - OnPowerEvent ResumeSuspend
08:11:10.970 57 Y - OnPowerEvent ResumeAutomatic
08:11:23.373 57 Y - OnSessionChange SessionId=1 Reason=SessionUnlock
09:24:10.388 53 Y - OnSessionChange SessionId=1 Reason=SessionLock
09:44:04.168 48 Y - OnSessionChange SessionId=1 Reason=SessionUnlock
11:36:52.172 42 Y - OnSessionChange SessionId=1 Reason=SessionLock
13:41:17.689 29 Y - OnSessionChange SessionId=1 Reason=SessionUnlock
14:24:20.700 32 Y - OnSessionChange SessionId=1 Reason=SessionLock
14:26:06.668 25 Y - OnSessionChange SessionId=1 Reason=SessionUnlock

#Software: NETCORE.WindowsService
#ProcessID: 4816 x64
#AppDomain: NETCORE.WindowsService
#FileName: C:\Program Files\dotnet\dotnet.exe
#BaseDirectory: F:\ProText\NETCORE.WindowsService\NETCORE.WindowsService\bin\Debug\netcoreapp2.2\
#CurrentDirectory: C:\Windows\system32
#CommandLine: F:\ProText\NETCORE.WindowsService\NETCORE.WindowsService\bin\Debug\netcoreapp2.2\NETCORE.WindowsService.dll -s
#ApplicationType: WinForm
#CLR: 4.0.30319.42000, 
#OS: Microsoft Windows NT 6.2.9200.0, MF11-XXZXLHY01/MF11-XXZXLHY01$
#CPU: 8
#GC: IsServerGC=True, LatencyMode=Interactive
#Date: 2019-02-27
#字段: 时间 线程ID 线程池Y网页W普通N 线程名 消息内容
#Fields: Time ThreadID IsPoolThread ThreadName Message
15:42:22.805  1 N - NewLife.Core v8.0.2019.0101 Build 2019-01-26 23:22:36 
15:42:22.808  1 N - 新生命X组件核心库 ©2002-2019 新生命开发团队
15:42:22.819  1 N - NETCORE.WindowsService v1.0.0.0 Build 2000-01-01 
15:42:22.819  1 N - NETCORE.WindowsService 
15:43:45.191  5 Y - OnSessionChange SessionId=1 Reason=SessionLogon
16:05:55.915 15 Y - OnSessionChange SessionId=1 Reason=SessionLock
16:06:01.775 12 Y - OnSessionChange SessionId=1 Reason=SessionUnlock
16:35:29.881 20 Y - OnSessionChange SessionId=1 Reason=SessionLock
16:46:14.828 17 Y - OnSessionChange SessionId=1 Reason=SessionUnlock
16:59:11.208 21 Y - OnSessionChange SessionId=1 Reason=SessionLock
16:59:11.880 23 Y - OnPowerEvent Suspend
19:59:14.734 23 Y - OnPowerEvent PowerStatusChange
