08:18:30.214 69 Y - OnPowerEvent ResumeAutomatic
08:18:30.895 74 Y - OnPowerEvent ResumeSuspend
08:18:31.360 68 Y - OnPowerEvent PowerStatusChange
08:18:50.464 68 Y - OnSessionChange SessionId=1 Reason=SessionUnlock
09:59:08.834 70 Y - OnPowerEvent PowerStatusChange
10:01:13.044 78 Y - OnSessionChange SessionId=1 Reason=SessionLogoff

#Software: NETCORE.WindowsService
#ProcessID: 4612 x64
#AppDomain: NETCORE.WindowsService
#FileName: C:\Program Files\dotnet\dotnet.exe
#BaseDirectory: F:\ProText\NETCORE.WindowsService\NETCORE.WindowsService\bin\Debug\netcoreapp2.2\
#CurrentDirectory: C:\Windows\system32
#CommandLine: F:\ProText\NETCORE.WindowsService\NETCORE.WindowsService\bin\Debug\netcoreapp2.2\NETCORE.WindowsService.dll -s
#ApplicationType: WinForm
#CLR: 4.0.30319.42000, 
#OS: Microsoft Windows NT 6.2.9200.0, MF11-XXZXLHY01/MF11-XXZXLHY01$
#CPU: 8
#GC: IsServerGC=True, LatencyMode=Interactive
#Date: 2019-02-26
#字段: 时间 线程ID 线程池Y网页W普通N 线程名 消息内容
#Fields: Time ThreadID IsPoolThread ThreadName Message
10:01:53.004  1 N - NewLife.Core v8.0.2019.0101 Build 2019-01-26 23:22:36 
10:01:53.007  1 N - 新生命X组件核心库 ©2002-2019 新生命开发团队
10:01:53.017  1 N - NETCORE.WindowsService v1.0.0.0 Build 2000-01-01 
10:01:53.017  1 N - NETCORE.WindowsService 
10:01:56.935  5 Y - OnSessionChange SessionId=1 Reason=SessionLogon
10:31:05.287 18 Y - OnSessionChange SessionId=1 Reason=SessionLock
10:50:02.091 16 Y - OnSessionChange SessionId=1 Reason=SessionUnlock
11:38:29.398 23 Y - OnSessionChange SessionId=1 Reason=SessionLock
11:43:34.193 23 Y - OnSessionChange SessionId=1 Reason=SessionUnlock
12:09:44.044 28 Y - OnSessionChange SessionId=1 Reason=SessionLock
13:52:58.962 38 Y - OnSessionChange SessionId=1 Reason=SessionUnlock
16:42:09.373 49 Y - OnSessionChange SessionId=1 Reason=SessionLock
16:42:17.402 43 Y - OnSessionChange SessionId=1 Reason=SessionUnlock
16:58:51.230 54 Y - OnSessionChange SessionId=1 Reason=SessionLock
16:58:52.375 54 Y - OnPowerEvent Suspend
19:58:54.732 57 Y - OnPowerEvent PowerStatusChange
