08:17:06.878 45 Y - OnPowerEvent ResumeAutomatic
08:17:08.812 49 Y - OnPowerEvent ResumeSuspend
08:17:28.797 49 Y - OnPowerEvent PowerStatusChange
08:18:49.012 46 Y - OnSessionChange SessionId=1 Reason=SessionUnlock
09:05:07.441 69 Y - OnSessionChange SessionId=1 Reason=SessionLogoff

#Software: NETCORE.WindowsService
#ProcessID: 4668 x64
#AppDomain: NETCORE.WindowsService
#FileName: C:\Program Files\dotnet\dotnet.exe
#BaseDirectory: F:\ProText\NETCORE.WindowsService\NETCORE.WindowsService\bin\Debug\netcoreapp2.2\
#CurrentDirectory: C:\Windows\system32
#CommandLine: F:\ProText\NETCORE.WindowsService\NETCORE.WindowsService\bin\Debug\netcoreapp2.2\NETCORE.WindowsService.dll -s
#ApplicationType: WinForm
#CLR: 4.0.30319.42000, 
#OS: Microsoft Windows NT 6.2.9200.0, MF11-XXZXLHY01/MF11-XXZXLHY01$
#CPU: 8
#GC: IsServerGC=True, LatencyMode=Interactive
#Date: 2019-03-01
#字段: 时间 线程ID 线程池Y网页W普通N 线程名 消息内容
#Fields: Time ThreadID IsPoolThread ThreadName Message
09:05:54.761  1 N - NewLife.Core v8.0.2019.0101 Build 2019-01-26 23:22:36 
09:05:54.768  1 N - 新生命X组件核心库 ©2002-2019 新生命开发团队
09:05:54.800  1 N - NETCORE.WindowsService v1.0.0.0 Build 2000-01-01 
09:05:54.800  1 N - NETCORE.WindowsService 
09:06:04.434 11 Y - OnSessionChange SessionId=1 Reason=SessionLogon
09:07:16.221 11 Y - OnSessionChange SessionId=1 Reason=SessionLogoff
