04:23:29.091 57 Y - OnPowerEvent ResumeAutomatic
04:23:29.681 56 Y - OnPowerEvent ResumeSuspend
04:23:29.979 56 Y - OnPowerEvent PowerStatusChange
04:23:39.928 56 Y - OnPowerEvent Suspend
08:20:41.241 57 Y - OnPowerEvent ResumeAutomatic
08:20:45.251 57 Y - OnPowerEvent ResumeSuspend
08:20:50.644 57 Y - OnPowerEvent PowerStatusChange
08:21:10.088 57 Y - OnPowerEvent PowerStatusChange
08:21:12.128 57 Y - OnPowerEvent Suspend
08:22:18.748 56 Y - OnPowerEvent ResumeAutomatic
08:22:23.049 57 Y - OnPowerEvent ResumeSuspend
08:22:46.395 57 Y - OnSessionChange SessionId=1 Reason=SessionUnlock

#Software: NETCORE.WindowsService
#ProcessID: 4644 x64
#AppDomain: NETCORE.WindowsService
#FileName: C:\Program Files\dotnet\dotnet.exe
#BaseDirectory: F:\ProText\NETCORE.WindowsService\NETCORE.WindowsService\bin\Debug\netcoreapp2.2\
#CurrentDirectory: C:\Windows\system32
#CommandLine: F:\ProText\NETCORE.WindowsService\NETCORE.WindowsService\bin\Debug\netcoreapp2.2\NETCORE.WindowsService.dll -s
#ApplicationType: WinForm
#CLR: 4.0.30319.42000, 
#OS: Microsoft Windows NT 6.2.9200.0, MF11-XXZXLHY01/MF11-XXZXLHY01$
#CPU: 8
#GC: IsServerGC=True, LatencyMode=Interactive
#Date: 2019-02-25
#字段: 时间 线程ID 线程池Y网页W普通N 线程名 消息内容
#Fields: Time ThreadID IsPoolThread ThreadName Message
08:58:25.285  1 N - NewLife.Core v8.0.2019.0101 Build 2019-01-26 23:22:36 
08:58:25.288  1 N - 新生命X组件核心库 ©2002-2019 新生命开发团队
08:58:25.300  1 N - NETCORE.WindowsService v1.0.0.0 Build 2000-01-01 
08:58:25.300  1 N - NETCORE.WindowsService 
08:59:03.644 14 Y - OnSessionChange SessionId=1 Reason=SessionLogon
10:21:26.782 19 Y - OnSessionChange SessionId=1 Reason=SessionLock
10:32:04.977 23 Y - OnSessionChange SessionId=1 Reason=SessionUnlock
10:51:25.437 19 Y - OnPowerEvent PowerStatusChange
11:29:20.804 26 Y - OnSessionChange SessionId=1 Reason=SessionLock
13:44:58.429 17 Y - OnSessionChange SessionId=1 Reason=SessionUnlock
14:29:56.643 41 Y - OnSessionChange SessionId=1 Reason=SessionLock
14:42:42.471 37 Y - OnSessionChange SessionId=1 Reason=SessionUnlock
14:57:30.268 40 Y - OnSessionChange SessionId=1 Reason=SessionLock
14:58:34.137 40 Y - OnSessionChange SessionId=1 Reason=SessionUnlock
15:49:14.259 36 Y - OnSessionChange SessionId=1 Reason=SessionLock
15:50:19.623 44 Y - OnSessionChange SessionId=1 Reason=SessionUnlock
16:58:27.197 46 Y - OnSessionChange SessionId=1 Reason=SessionLock
16:58:28.874 46 Y - OnPowerEvent Suspend
16:58:42.598 50 Y - OnPowerEvent ResumeAutomatic
16:58:45.934 46 Y - OnPowerEvent PowerStatusChange
17:01:47.521 53 Y - OnPowerEvent Suspend
19:22:40.659 53 Y - OnPowerEvent ResumeAutomatic
19:22:41.831 46 Y - OnPowerEvent ResumeSuspend
19:22:47.780 46 Y - OnSessionChange SessionId=1 Reason=SessionUnlock
19:47:53.341 52 Y - OnSessionChange SessionId=1 Reason=SessionLock
20:45:26.686 59 Y - OnPowerEvent Suspend
21:14:39.493 63 Y - OnPowerEvent ResumeSuspend
21:14:39.922 59 Y - OnPowerEvent ResumeAutomatic
21:14:45.350 59 Y - OnSessionChange SessionId=1 Reason=SessionUnlock
21:24:40.218 65 Y - OnSessionChange SessionId=1 Reason=SessionLock
21:25:18.895 64 Y - OnSessionChange SessionId=1 Reason=SessionUnlock
21:31:39.485 65 Y - OnPowerEvent PowerStatusChange
21:40:21.140 66 Y - OnSessionChange SessionId=1 Reason=SessionLock
22:08:04.493 69 Y - OnPowerEvent PowerStatusChange
22:08:19.115 69 Y - OnPowerEvent Suspend
